Successfully retrieved statistics for job: 8635490. 
+------------------------------------------------------------------------------+
| GPU ID: 0                                                                    |
+====================================+=========================================+
|-----  Execution Stats  ------------+-----------------------------------------|
| Start Time                         | Sat Mar 14 00:35:11 2026                |
| End Time                           | Sat Mar 14 10:46:06 2026                |
| Total Execution Time (sec)         | 36654.9                                 |
| No. of Processes                   | 3                                       |
+-----  Performance Stats  ----------+-----------------------------------------+
| Energy Consumed (Joules)           | 298095                                  |
| Power Usage (Watts)                | Avg: 60.942, Max: 60.962, Min: 60.922   |
| Max GPU Memory Used (bytes)        | 4156555264                              |
| SM Clock (MHz)                     | Avg: 1333, Max: 1522, Min: 1290         |
| Memory Clock (MHz)                 | Avg: 877, Max: 877, Min: 877            |
| SM Utilization (%)                 | Avg: 9, Max: 49, Min: 0                 |
| Memory Utilization (%)             | Avg: 2, Max: 16, Min: 0                 |
| PCIe Rx Bandwidth (megabytes)      | Avg: N/A, Max: N/A, Min: N/A            |
| PCIe Tx Bandwidth (megabytes)      | Avg: N/A, Max: N/A, Min: N/A            |
+-----  Event Stats  ----------------+-----------------------------------------+
| Single Bit ECC Errors              | 0                                       |
| Double Bit ECC Errors              | 0                                       |
| PCIe Replay Warnings               | 0                                       |
| Critical XID Errors                | 0                                       |
+-----  Slowdown Stats  -------------+-----------------------------------------+
| Due to - Power (%)                 | 0                                       |
|        - Thermal (%)               | 0                                       |
|        - Reliability (%)           | Not Supported                           |
|        - Board Limit (%)           | Not Supported                           |
|        - Low Utilization (%)       | Not Supported                           |
|        - Sync Boost (%)            | 0                                       |
+--  Compute Process Utilization  ---+-----------------------------------------+
| PID                                | 876290                                  |
|     Avg SM Utilization (%)         | Not Found                               |
|     Avg Memory Utilization (%)     | Not Found                               |
| PID                                | 902192                                  |
|     Avg SM Utilization (%)         | 22                                      |
|     Avg Memory Utilization (%)     | 6                                       |
| PID                                | 914597                                  |
|     Avg SM Utilization (%)         | 5                                       |
|     Avg Memory Utilization (%)     | 0                                       |
+-----  Overall Health  -------------+-----------------------------------------+
| Overall Health                     | Healthy                                 |
+------------------------------------+-----------------------------------------+

