Successfully retrieved statistics for job: 9491936. 
+------------------------------------------------------------------------------+
| GPU ID: 1                                                                    |
+====================================+=========================================+
|-----  Execution Stats  ------------+-----------------------------------------|
| Start Time                         | Thu Mar 26 20:17:48 2026                |
| End Time                           | Thu Mar 26 23:45:43 2026                |
| Total Execution Time (sec)         | 12474.8                                 |
| No. of Processes                   | 1                                       |
+-----  Performance Stats  ----------+-----------------------------------------+
| Energy Consumed (Joules)           | 253539                                  |
| Power Usage (Watts)                | Avg: 65.52, Max: 68.173, Min: 62.867    |
| Max GPU Memory Used (bytes)        | 26765950976                             |
| SM Clock (MHz)                     | Avg: 1402, Max: 1522, Min: 1290         |
| Memory Clock (MHz)                 | Avg: 877, Max: 877, Min: 877            |
| SM Utilization (%)                 | Avg: 2, Max: 100, Min: 0                |
| Memory Utilization (%)             | Avg: 0, Max: 10, Min: 0                 |
| PCIe Rx Bandwidth (megabytes)      | Avg: N/A, Max: N/A, Min: N/A            |
| PCIe Tx Bandwidth (megabytes)      | Avg: N/A, Max: N/A, Min: N/A            |
+-----  Event Stats  ----------------+-----------------------------------------+
| Single Bit ECC Errors              | 0                                       |
| Double Bit ECC Errors              | 0                                       |
| PCIe Replay Warnings               | 1                                       |
| Critical XID Errors                | 0                                       |
+-----  Slowdown Stats  -------------+-----------------------------------------+
| Due to - Power (%)                 | 0                                       |
|        - Thermal (%)               | 0                                       |
|        - Reliability (%)           | Not Supported                           |
|        - Board Limit (%)           | Not Supported                           |
|        - Low Utilization (%)       | Not Supported                           |
|        - Sync Boost (%)            | 0                                       |
+--  Compute Process Utilization  ---+-----------------------------------------+
| PID                                | 1941508                                 |
|     Avg SM Utilization (%)         | 1                                       |
|     Avg Memory Utilization (%)     | 0                                       |
+-----  Overall Health  -------------+-----------------------------------------+
| Overall Health                     | Healthy                                 |
+------------------------------------+-----------------------------------------+

