Successfully retrieved statistics for job: 8435014. 
+------------------------------------------------------------------------------+
| GPU ID: 0                                                                    |
+====================================+=========================================+
|-----  Execution Stats  ------------+-----------------------------------------|
| Start Time                         | Thu Mar  5 21:14:26 2026                |
| End Time                           | Fri Mar  6 19:06:44 2026                |
| Total Execution Time (sec)         | 78738.2                                 |
| No. of Processes                   | 2                                       |
+-----  Performance Stats  ----------+-----------------------------------------+
| Energy Consumed (Joules)           | 466177                                  |
| Power Usage (Watts)                | Avg: 74.4445, Max: 77.408, Min: 71.481  |
| Max GPU Memory Used (bytes)        | 3118465024                              |
| SM Clock (MHz)                     | Avg: 1392, Max: 1477, Min: 1290         |
| Memory Clock (MHz)                 | Avg: 877, Max: 877, Min: 877            |
| SM Utilization (%)                 | Avg: 27, Max: 67, Min: 0                |
| Memory Utilization (%)             | Avg: 8, Max: 16, Min: 0                 |
| PCIe Rx Bandwidth (megabytes)      | Avg: N/A, Max: N/A, Min: N/A            |
| PCIe Tx Bandwidth (megabytes)      | Avg: N/A, Max: N/A, Min: N/A            |
+-----  Event Stats  ----------------+-----------------------------------------+
| Single Bit ECC Errors              | 0                                       |
| Double Bit ECC Errors              | 0                                       |
| PCIe Replay Warnings               | 543                                     |
| Critical XID Errors                | 0                                       |
+-----  Slowdown Stats  -------------+-----------------------------------------+
| Due to - Power (%)                 | 0                                       |
|        - Thermal (%)               | 0                                       |
|        - Reliability (%)           | Not Supported                           |
|        - Board Limit (%)           | Not Supported                           |
|        - Low Utilization (%)       | Not Supported                           |
|        - Sync Boost (%)            | 0                                       |
+--  Compute Process Utilization  ---+-----------------------------------------+
| PID                                | 1485110                                 |
|     Avg SM Utilization (%)         | Not Found                               |
|     Avg Memory Utilization (%)     | Not Found                               |
| PID                                | 1599474                                 |
|     Avg SM Utilization (%)         | 27                                      |
|     Avg Memory Utilization (%)     | 7                                       |
+-----  Overall Health  -------------+-----------------------------------------+
| Overall Health                     | Healthy                                 |
+------------------------------------+-----------------------------------------+

