Successfully retrieved statistics for job: 9115705. 
+------------------------------------------------------------------------------+
| GPU ID: 0                                                                    |
+====================================+=========================================+
|-----  Execution Stats  ------------+-----------------------------------------|
| Start Time                         | Sun Mar 22 10:37:41 2026                |
| End Time                           | Sun Mar 22 21:01:35 2026                |
| Total Execution Time (sec)         | 37433.5                                 |
| No. of Processes                   | 2                                       |
+-----  Performance Stats  ----------+-----------------------------------------+
| Energy Consumed (Joules)           | 230318                                  |
| Power Usage (Watts)                | Avg: 60.455, Max: 60.475, Min: 60.435   |
| Max GPU Memory Used (bytes)        | 4009754624                              |
| SM Clock (MHz)                     | Avg: 1290, Max: 1290, Min: 1290         |
| Memory Clock (MHz)                 | Avg: 877, Max: 877, Min: 877            |
| SM Utilization (%)                 | Avg: 7, Max: 19, Min: 0                 |
| Memory Utilization (%)             | Avg: 0, Max: 2, Min: 0                  |
| PCIe Rx Bandwidth (megabytes)      | Avg: N/A, Max: N/A, Min: N/A            |
| PCIe Tx Bandwidth (megabytes)      | Avg: N/A, Max: N/A, Min: N/A            |
+-----  Event Stats  ----------------+-----------------------------------------+
| Single Bit ECC Errors              | 0                                       |
| Double Bit ECC Errors              | 0                                       |
| PCIe Replay Warnings               | 0                                       |
| Critical XID Errors                | 0                                       |
+-----  Slowdown Stats  -------------+-----------------------------------------+
| Due to - Power (%)                 | 0                                       |
|        - Thermal (%)               | 0                                       |
|        - Reliability (%)           | Not Supported                           |
|        - Board Limit (%)           | Not Supported                           |
|        - Low Utilization (%)       | Not Supported                           |
|        - Sync Boost (%)            | 0                                       |
+--  Compute Process Utilization  ---+-----------------------------------------+
| PID                                | 2579394                                 |
|     Avg SM Utilization (%)         | Not Found                               |
|     Avg Memory Utilization (%)     | Not Found                               |
| PID                                | 2704471                                 |
|     Avg SM Utilization (%)         | 12                                      |
|     Avg Memory Utilization (%)     | 0                                       |
+-----  Overall Health  -------------+-----------------------------------------+
| Overall Health                     | Healthy                                 |
+------------------------------------+-----------------------------------------+

