Successfully retrieved statistics for job: 8161932. 
+------------------------------------------------------------------------------+
| GPU ID: 0                                                                    |
+====================================+=========================================+
|-----  Execution Stats  ------------+-----------------------------------------|
| Start Time                         | Wed Feb 18 20:06:39 2026                |
| End Time                           | Thu Feb 19 00:40:57 2026                |
| Total Execution Time (sec)         | 16457.7                                 |
| No. of Processes                   | 1                                       |
+-----  Performance Stats  ----------+-----------------------------------------+
| Energy Consumed (Joules)           | 275139                                  |
| Power Usage (Watts)                | Avg: 77.6915, Max: 85.615, Min: 69.768  |
| Max GPU Memory Used (bytes)        | 6083837952                              |
| SM Clock (MHz)                     | Avg: 1413, Max: 1530, Min: 1290         |
| Memory Clock (MHz)                 | Avg: 877, Max: 877, Min: 877            |
| SM Utilization (%)                 | Avg: 1, Max: 72, Min: 0                 |
| Memory Utilization (%)             | Avg: 2, Max: 80, Min: 0                 |
| PCIe Rx Bandwidth (megabytes)      | Avg: N/A, Max: N/A, Min: N/A            |
| PCIe Tx Bandwidth (megabytes)      | Avg: N/A, Max: N/A, Min: N/A            |
+-----  Event Stats  ----------------+-----------------------------------------+
| Single Bit ECC Errors              | 0                                       |
| Double Bit ECC Errors              | 0                                       |
| PCIe Replay Warnings               | 354                                     |
| Critical XID Errors                | 0                                       |
+-----  Slowdown Stats  -------------+-----------------------------------------+
| Due to - Power (%)                 | 0                                       |
|        - Thermal (%)               | 0                                       |
|        - Reliability (%)           | Not Supported                           |
|        - Board Limit (%)           | Not Supported                           |
|        - Low Utilization (%)       | Not Supported                           |
|        - Sync Boost (%)            | 0                                       |
+--  Compute Process Utilization  ---+-----------------------------------------+
| PID                                | 2366354                                 |
|     Avg SM Utilization (%)         | 2                                       |
|     Avg Memory Utilization (%)     | 1                                       |
+-----  Overall Health  -------------+-----------------------------------------+
| Overall Health                     | Healthy                                 |
+------------------------------------+-----------------------------------------+

